<?xml version="1.0" encoding="UTF-8"?>
<!-- Generated by org.testng.reporters.JUnitReportReporter -->
<testsuite hostname="Viren" name="tests.LandingPage_TC" tests="1" failures="0" timestamp="10 Sep 2019 06:05:00 GMT" time="34.366" errors="0">
  <testcase name="MoveToNavBar" time="34.366" classname="tests.LandingPage_TC"/>
</testsuite> <!-- tests.LandingPage_TC -->
